<?xml version="1.0" encoding="UTF-8"?>
<!-- Generated by org.testng.reporters.JUnitReportReporter -->
<testsuite hostname="Mds-MacBook-Pro.local" failures="0" tests="5" name="com.BruteForce.Test1" time="40.710" errors="0" timestamp="2019-06-19T12:44:32 EDT" skipped="0">
  <testcase classname="com.BruteForce.Test1" name="testcase4" time="2.968"/>
  <testcase classname="com.BruteForce.Test1" name="testcase5" time="20.023"/>
  <testcase classname="com.BruteForce.Test1" name="f" time="3.156"/>
  <testcase classname="com.BruteForce.Test1" name="testcase3" time="12.272"/>
  <testcase classname="com.BruteForce.Test1" name="testcase2" time="2.291"/>
</testsuite> <!-- com.BruteForce.Test1 -->
