<?xml version="1.0" encoding="UTF-8"?>
<!-- Generated by org.testng.reporters.JUnitReportReporter -->
<testsuite hostname="Mds-MacBook-Pro.local" failures="0" tests="5" name="com.BruteForce.Test1" time="50.871" errors="0" timestamp="2019-09-12T09:52:50 EDT" skipped="0">
  <testcase classname="com.BruteForce.Test1" name="testcase3" time="22.150"/>
  <testcase classname="com.BruteForce.Test1" name="testcase2" time="2.549"/>
  <testcase classname="com.BruteForce.Test1" name="testcase5" time="20.020"/>
  <testcase classname="com.BruteForce.Test1" name="testcase4" time="3.639"/>
  <testcase classname="com.BruteForce.Test1" name="f" time="2.513"/>
</testsuite> <!-- com.BruteForce.Test1 -->
