<?xml version="1.0" encoding="UTF-8"?>
<!-- Generated by org.testng.reporters.JUnitReportReporter -->
<testsuite hostname="Mds-MacBook-Pro.local" failures="0" tests="5" name="com.BruteForce.Test1" time="20.259" errors="0" timestamp="2019-06-17T02:34:57 EDT" skipped="0">
  <testcase classname="com.BruteForce.Test1" name="testcase5" time="0.002"/>
  <testcase classname="com.BruteForce.Test1" name="f" time="2.630"/>
  <testcase classname="com.BruteForce.Test1" name="testcase3" time="12.259"/>
  <testcase classname="com.BruteForce.Test1" name="testcase4" time="2.487"/>
  <testcase classname="com.BruteForce.Test1" name="testcase2" time="2.881"/>
</testsuite> <!-- com.BruteForce.Test1 -->
