<?xml version="1.0" encoding="UTF-8"?>
<!-- Generated by org.testng.reporters.JUnitReportReporter -->
<testsuite hostname="Mds-MacBook-Pro.local" failures="0" tests="3" name="com.Test.Bruteforce.Website_Test" time="13.518" errors="0" timestamp="2019-06-30T22:40:16 EDT" skipped="2">
  <testcase classname="com.Test.Bruteforce.Website_Test" name="customerAccCreatePage" time="13.518"/>
  <testcase classname="com.Test.Bruteforce.Website_Test" name="checkValidAccount">
    <skipped/>
  </testcase> <!-- checkValidAccount -->
  <testcase classname="com.Test.Bruteforce.Website_Test" name="checkInvalidEmail">
    <skipped/>
  </testcase> <!-- checkInvalidEmail -->
</testsuite> <!-- com.Test.Bruteforce.Website_Test -->
